<?xml version="1.0" encoding="UTF-8"?>
<!-- Generated by org.testng.reporters.JUnitXMLReporter -->
<testsuite ignored="0" hostname="DESKTOP-OF3OC9C" failures="0" tests="16" name="AttStoresTest" time="60.271" errors="0" timestamp="14 Sep 2023 05:37:48 GMT">
  <testcase classname="com.qa.Test.AttStoresTest" name="VerifyFeedbackWindowClosed" time="8.219"/>
  <testcase classname="com.qa.Test.AttStoresTest" name="VerifyHeading" time="0.039"/>
  <testcase classname="com.qa.Test.AttStoresTest" name="VerifyPaymentLink" time="3.538"/>
  <testcase classname="com.qa.Test.AttStoresTest" name="VerifyUpgradeDeviceLink" time="6.565"/>
  <testcase classname="com.qa.Test.AttStoresTest" name="VerifyGetSupportPageLink" time="2.485"/>
  <testcase classname="com.qa.Test.AttStoresTest" name="VerifyATTPageLink" time="4.342"/>
  <testcase classname="com.qa.Test.AttStoresTest" name="VerifyShopNowLink" time="4.166"/>
  <testcase classname="com.qa.Test.AttStoresTest" name="VerifyOverviewSectionTime" time="1.884"/>
  <testcase classname="com.qa.Test.AttStoresTest" name="VerifyOverviewSectionAddress" time="0.282"/>
  <testcase classname="com.qa.Test.AttStoresTest" name="VerifyOffersSectionTitle" time="2.225"/>
  <testcase classname="com.qa.Test.AttStoresTest" name="VerifyAboutSectnTitle" time="2.115"/>
  <testcase classname="com.qa.Test.AttStoresTest" name="VerifyFAQTitle" time="0.148"/>
  <testcase classname="com.qa.Test.AttStoresTest" name="VerifyFAQQuestions" time="2.182"/>
  <testcase classname="com.qa.Test.AttStoresTest" name="VerifyAttServices" time="2.233"/>
  <testcase classname="com.qa.Test.AttStoresTest" name="VerifyFooterServices" time="11.521"/>
  <testcase classname="com.qa.Test.AttStoresTest" name="VerifyOverviewSectionAddressOnMap" time="6.531"/>
</testsuite> <!-- AttStoresTest -->
