<?xml version="1.0" encoding="UTF-8"?>
<!-- Generated by org.testng.reporters.JUnitXMLReporter -->
<testsuite ignored="0" hostname="DESKTOP-OF3OC9C" failures="0" tests="7" name="BenJerry_LocatorpageTest" time="60.065" errors="0" timestamp="14 Sep 2023 05:51:25 GMT">
  <testcase classname="com.qa.Test.BenJerry_LocatorpageTest" name="VerifyHomePage" time="22.316"/>
  <testcase classname="com.qa.Test.BenJerry_LocatorpageTest" name="VerifySelectedAddress" time="6.166"/>
  <testcase classname="com.qa.Test.BenJerry_LocatorpageTest" name="VerifyAllFoundLocations" time="0.341"/>
  <testcase classname="com.qa.Test.BenJerry_LocatorpageTest" name="VerifySelectedLocationDetails_StoreName" time="4.482"/>
  <testcase classname="com.qa.Test.BenJerry_LocatorpageTest" name="VerifySelectedLocationDetails_GetDirections" time="8.154"/>
  <testcase classname="com.qa.Test.BenJerry_LocatorpageTest" name="VerifySelectedLocationDetails_StoreHours" time="5.097"/>
  <testcase classname="com.qa.Test.BenJerry_LocatorpageTest" name="VerifySelectedLocationDetails_ScoopShopWebsite" time="12.78"/>
</testsuite> <!-- BenJerry_LocatorpageTest -->
