<?xml version="1.0" encoding="UTF-8"?>
<!-- Generated by org.testng.reporters.JUnitXMLReporter -->
<testsuite ignored="0" hostname="DESKTOP-OF3OC9C" failures="0" tests="5" name="MichalesTest" time="39.445" errors="0" timestamp="14 Sep 2023 05:38:28 GMT">
  <testcase classname="com.qa.Test.MichalesTest" name="VerifyLogo" time="1.147"/>
  <testcase classname="com.qa.Test.MichalesTest" name="VerifyAllLocations" time="4.676"/>
  <testcase classname="com.qa.Test.MichalesTest" name="VerifyDDValues" time="32.728"/>
  <testcase classname="com.qa.Test.MichalesTest" name="VerifyHeaderText" time="0.036"/>
  <testcase classname="com.qa.Test.MichalesTest" name="VerifyServiceOptions" time="0.029"/>
</testsuite> <!-- MichalesTest -->
