<?xml version="1.0" encoding="UTF-8"?>
<!-- Generated by org.testng.reporters.JUnitXMLReporter -->
<testsuite ignored="0" hostname="DESKTOP-OF3OC9C" failures="0" tests="5" name="MichalesTest" time="38.897" errors="0" timestamp="12 Sep 2023 12:29:33 GMT">
  <testcase classname="com.qa.Test.MichalesTest" name="VerifyLogo" time="1.045"/>
  <testcase classname="com.qa.Test.MichalesTest" name="VerifyAllLocations" time="4.7"/>
  <testcase classname="com.qa.Test.MichalesTest" name="VerifyDDValues" time="32.448"/>
  <testcase classname="com.qa.Test.MichalesTest" name="VerifyHeaderText" time="0.022"/>
  <testcase classname="com.qa.Test.MichalesTest" name="VerifyServiceOptions" time="0.024"/>
</testsuite> <!-- MichalesTest -->
