<?xml version="1.0" encoding="UTF-8"?>
<!-- Generated by org.testng.reporters.JUnitXMLReporter -->
<testsuite ignored="0" hostname="DESKTOP-OF3OC9C" failures="0" tests="8" name="StoreLocator_TrueValueTest" time="149.039" errors="0" timestamp="12 Sep 2023 12:42:04 GMT">
  <testcase classname="com.qa.Test.StoreLocator_TrueValueTest" name="VerifyOpenLocatorPage" time="20.336"/>
  <testcase classname="com.qa.Test.StoreLocator_TrueValueTest" name="VerifyTextFrame" time="19.587"/>
  <testcase classname="com.qa.Test.StoreLocator_TrueValueTest" name="VerifyTotalAddresses" time="11.563"/>
  <testcase classname="com.qa.Test.StoreLocator_TrueValueTest" name="VerifyEmailWindow" time="18.168"/>
  <testcase classname="com.qa.Test.StoreLocator_TrueValueTest" name="VerifyDropdownForCountry" time="11.454"/>
  <testcase classname="com.qa.Test.StoreLocator_TrueValueTest" name="VerifyFilters" time="44.859"/>
  <testcase classname="com.qa.Test.StoreLocator_TrueValueTest" name="VerifyAddress" time="7.225"/>
  <testcase classname="com.qa.Test.StoreLocator_TrueValueTest" name="VerifyStoreRedirect" time="14.87"/>
</testsuite> <!-- StoreLocator_TrueValueTest -->
