<?xml version="1.0" encoding="UTF-8"?>
<!-- Generated by org.testng.reporters.JUnitXMLReporter -->
<testsuite ignored="0" hostname="DESKTOP-OF3OC9C" failures="0" tests="9" name="StoreLocations_FamilyDollarTest" time="173.265" errors="0" timestamp="13 Sep 2023 05:40:15 GMT">
  <testcase classname="com.qa.Test.StoreLocations_FamilyDollarTest" name="VerifyFilterBtn" time="6.559"/>
  <testcase classname="com.qa.Test.StoreLocations_FamilyDollarTest" name="VerifyTitalAminities" time="4.202"/>
  <testcase classname="com.qa.Test.StoreLocations_FamilyDollarTest" name="VerifyMoreInfoLink" time="8.363"/>
  <testcase classname="com.qa.Test.StoreLocations_FamilyDollarTest" name="VerifyWeeklyAddLink" time="8.345"/>
  <testcase classname="com.qa.Test.StoreLocations_FamilyDollarTest" name="VerifyFilterOptions" time="7.272"/>
  <testcase classname="com.qa.Test.StoreLocations_FamilyDollarTest" name="VerifyListofAddress" time="4.293"/>
  <testcase classname="com.qa.Test.StoreLocations_FamilyDollarTest" name="VerifyRerirectingtoMap" time="7.343"/>
  <testcase classname="com.qa.Test.StoreLocations_FamilyDollarTest" name="VerifyOpenLocatorPage" time="9.347"/>
  <testcase classname="com.qa.Test.StoreLocations_FamilyDollarTest" name="VerifyClickingFilterOptions" time="116.718"/>
</testsuite> <!-- StoreLocations_FamilyDollarTest -->
