<?xml version="1.0" encoding="UTF-8"?>
<!-- Generated by org.testng.reporters.JUnitXMLReporter -->
<testsuite ignored="0" hostname="DESKTOP-OF3OC9C" failures="0" tests="9" name="StoreLocations_FamilyDollarTest" time="173.542" errors="0" timestamp="12 Sep 2023 12:39:35 GMT">
  <testcase classname="com.qa.Test.StoreLocations_FamilyDollarTest" name="VerifyFilterBtn" time="7.99"/>
  <testcase classname="com.qa.Test.StoreLocations_FamilyDollarTest" name="VerifyTitalAminities" time="4.132"/>
  <testcase classname="com.qa.Test.StoreLocations_FamilyDollarTest" name="VerifyMoreInfoLink" time="8.239"/>
  <testcase classname="com.qa.Test.StoreLocations_FamilyDollarTest" name="VerifyWeeklyAddLink" time="8.216"/>
  <testcase classname="com.qa.Test.StoreLocations_FamilyDollarTest" name="VerifyFilterOptions" time="7.18"/>
  <testcase classname="com.qa.Test.StoreLocations_FamilyDollarTest" name="VerifyListofAddress" time="4.196"/>
  <testcase classname="com.qa.Test.StoreLocations_FamilyDollarTest" name="VerifyRerirectingtoMap" time="7.177"/>
  <testcase classname="com.qa.Test.StoreLocations_FamilyDollarTest" name="VerifyOpenLocatorPage" time="9.355"/>
  <testcase classname="com.qa.Test.StoreLocations_FamilyDollarTest" name="VerifyClickingFilterOptions" time="116.399"/>
</testsuite> <!-- StoreLocations_FamilyDollarTest -->
