<?xml version="1.0" encoding="UTF-8"?>
<testng-results ignored="0" total="1" passed="1" failed="0" skipped="0">
  <reporter-output>
  </reporter-output>
  <suite started-at="2023-08-22T13:13:18 IST" name="Default suite" finished-at="2023-08-22T13:13:26 IST" duration-ms="7724">
    <groups>
    </groups>
    <test started-at="2023-08-22T13:13:18 IST" name="Default test" finished-at="2023-08-22T13:13:26 IST" duration-ms="7724">
      <class name="aakash.aakashh">
        <test-method is-config="true" signature="InitializeBrowser()[pri:0, instance:aakash.aakashh@312aa7c]" started-at="2023-08-22T13:13:18 IST" name="InitializeBrowser" finished-at="2023-08-22T13:13:23 IST" duration-ms="4630" status="PASS">
          <reporter-output>
          </reporter-output>
        </test-method> <!-- InitializeBrowser -->
        <test-method signature="test1()[pri:0, instance:aakash.aakashh@312aa7c]" started-at="2023-08-22T13:13:23 IST" name="test1" finished-at="2023-08-22T13:13:26 IST" duration-ms="3073" status="PASS">
          <reporter-output>
          </reporter-output>
        </test-method> <!-- test1 -->
      </class> <!-- aakash.aakashh -->
    </test> <!-- Default test -->
  </suite> <!-- Default suite -->
</testng-results>
