<?xml version="1.0" encoding="UTF-8"?>
<!-- Generated by org.testng.reporters.JUnitXMLReporter -->
<testsuite ignored="0" hostname="DESKTOP-OF3OC9C" failures="0" tests="11" name="Test" time="0.052" errors="0" timestamp="2023-08-21T10:49:02 IST">
  <testcase classname="testNGAnnotations.TestAnnotation" name="RegistationPage" time="0.003"/>
  <testcase classname="testNGAnnotations.TestAnnotation" name="SignInPage" time="0.001"/>
  <testcase classname="testNGAnnotations.BeforeClassAnnotation" name="HomePage" time="0.001"/>
  <testcase classname="testNGAnnotations.BeforeClassAnnotation" name="Login" time="0.001"/>
  <testcase classname="testNGAnnotations.BeforeClassAnnotation" name="Register" time="0.001"/>
  <testcase classname="testNGAnnotations.BeforeMethodAnnotation" name="HomePage" time="0.001"/>
  <testcase classname="testNGAnnotations.BeforeMethodAnnotation" name="Login" time="0.001"/>
  <testcase classname="testNGAnnotations.BeforeMethodAnnotation" name="Register" time="0.001"/>
  <testcase classname="testNGAnnotations.DataProviderAnnotation" name="LoginTest" time="0.0"/>
  <testcase classname="testNGAnnotations.DataProviderAnnotation" name="LoginTest" time="0.001"/>
  <testcase classname="testNGAnnotations.DataProviderAnnotation" name="LoginTest" time="0.0"/>
</testsuite> <!-- Test -->
