<?xml version="1.0" encoding="UTF-8"?>
<!-- Generated by org.testng.reporters.JUnitXMLReporter -->
<testsuite ignored="4" hostname="DESKTOP-OF3OC9C" failures="0" tests="12" name="Default test(failed)" time="97.274" errors="0" timestamp="11 Sep 2023 04:15:21 GMT">
  <testcase classname="com.qa.Test.AttStoresTest" name="VerifyFeedbackWindowClosed" time="4.367"/>
  <testcase classname="com.qa.Test.AttStoresTest" name="VerifyGetSupportPageLink" time="8.297"/>
  <testcase classname="com.qa.Test.AttStoresTest" name="VerifyATTPageLink" time="13.326"/>
  <testcase classname="com.qa.Test.AttStoresTest" name="VerifyShopNowLink" time="12.189"/>
  <testcase classname="com.qa.Test.AttStoresTest" name="VerifyOverviewSectionTime" time="4.123"/>
  <testcase classname="com.qa.Test.AttStoresTest" name="VerifyOverviewSectionAddress" time="4.115"/>
  <testcase classname="com.qa.Test.AttStoresTest" name="VerifyOffersSectionTitle" time="6.179"/>
  <testcase classname="com.qa.Test.AttStoresTest" name="VerifyAboutSectnTitle" time="10.181"/>
  <testcase classname="com.qa.Test.AttStoresTest" name="VerifyFAQTitle" time="6.183"/>
  <testcase classname="com.qa.Test.AttStoresTest" name="VerifyFAQQuestions" time="10.244"/>
  <testcase classname="com.qa.Test.AttStoresTest" name="VerifyFooterServices" time="11.814"/>
  <testcase classname="com.qa.Test.AttStoresTest" name="VerifyOverviewSectionAddressOnMap" time="4.606"/>
  <testcase classname="com.qa.Test.AttStoresTest" name="VerifyAttServices" time="0.0">
    <ignored/>
  </testcase> <!-- VerifyAttServices -->
  <testcase classname="com.qa.Test.AttStoresTest" name="VerifyUpgradeDeviceLink" time="0.0">
    <ignored/>
  </testcase> <!-- VerifyUpgradeDeviceLink -->
  <testcase classname="com.qa.Test.AttStoresTest" name="VerifyPaymentLink" time="0.0">
    <ignored/>
  </testcase> <!-- VerifyPaymentLink -->
  <testcase classname="com.qa.Test.AttStoresTest" name="VerifyHeading" time="0.0">
    <ignored/>
  </testcase> <!-- VerifyHeading -->
</testsuite> <!-- Default test(failed) -->
