<?xml version="1.0" encoding="UTF-8"?>
<testng-results ignored="7" total="8" passed="1" failed="0" skipped="0">
  <reporter-output>
  </reporter-output>
  <suite started-at="2023-09-21T10:47:12Z" name="Default suite" finished-at="2023-09-21T10:47:49Z" duration-ms="37624">
    <groups>
    </groups>
    <test started-at="2023-09-21T10:47:12Z" name="Default test" finished-at="2023-09-21T10:47:49Z" duration-ms="37624">
      <class name="com.qa.Test.Nesbittburnslocator_test">
        <test-method is-config="true" signature="setup()[pri:0, instance:com.qa.Test.Nesbittburnslocator_test@639aba11]" started-at="2023-09-21T10:47:12Z" name="setup" finished-at="2023-09-21T10:47:13Z" duration-ms="1486" status="PASS">
          <reporter-output>
          </reporter-output>
        </test-method> <!-- setup -->
        <test-method signature="VerifyEmailMe_test()[pri:8, instance:com.qa.Test.Nesbittburnslocator_test@639aba11]" started-at="2023-09-21T10:47:13Z" name="VerifyEmailMe_test" finished-at="2023-09-21T10:47:46Z" duration-ms="33046" status="PASS">
          <reporter-output>
          </reporter-output>
        </test-method> <!-- VerifyEmailMe_test -->
        <test-method is-config="true" signature="end()[pri:0, instance:com.qa.Test.Nesbittburnslocator_test@639aba11]" started-at="2023-09-21T10:47:46Z" name="end" finished-at="2023-09-21T10:47:49Z" duration-ms="3009" status="PASS">
          <reporter-output>
          </reporter-output>
        </test-method> <!-- end -->
      </class> <!-- com.qa.Test.Nesbittburnslocator_test -->
    </test> <!-- Default test -->
  </suite> <!-- Default suite -->
</testng-results>
